<?xml version="1.0" encoding="UTF-8"?>
<!-- Generated by org.testng.reporters.JUnitReportReporter -->
<testsuite hostname="DESKTOP-A0B3UJ2" failures="0" tests="1" name="shopping.ShoppingClass" time="13.636" errors="0" timestamp="13 Jun 2021 21:54:54 GMT" skipped="0">
  <testcase classname="shopping.ShoppingClass" name="shopping" time="13.636"/>
</testsuite> <!-- shopping.ShoppingClass -->
