<?xml version="1.0" encoding="UTF-8"?>
<!-- Generated by org.testng.reporters.JUnitReportReporter -->
<testsuite hostname="DESKTOP-A0B3UJ2" failures="0" tests="1" name="SampleMavenProject.SeleniumMavenProject.TNG_002" time="10.775" errors="0" timestamp="2021-06-10T19:45:55 IST" skipped="0">
  <testcase classname="SampleMavenProject.SeleniumMavenProject.TNG_002" name="amazonlog4j" time="10.775"/>
  <system-out/>
</testsuite> <!-- SampleMavenProject.SeleniumMavenProject.TNG_002 -->
