<?xml version="1.0" encoding="UTF-8"?>
<!-- Generated by org.testng.reporters.JUnitReportReporter -->
<testsuite hostname="DESKTOP-A0B3UJ2" failures="0" tests="2" name="excelDataDriven.DataManagmentWithDataProvider" time="0.028" errors="0" timestamp="02 Jul 2021 13:47:32 GMT" skipped="0">
  <testcase classname="excelDataDriven.DataManagmentWithDataProvider" name="f" time="0.015"/>
  <testcase classname="excelDataDriven.DataManagmentWithDataProvider" name="f" time="0.013"/>
</testsuite> <!-- excelDataDriven.DataManagmentWithDataProvider -->
