<?xml version="1.0" encoding="UTF-8"?>
<!-- Generated by org.testng.reporters.JUnitReportReporter -->
<testsuite hostname="DESKTOP-A0B3UJ2" failures="0" tests="3" name="testPackage1.TestMethodParallel" time="0.048" errors="0" timestamp="12 Jun 2021 13:15:45 GMT" skipped="0">
  <testcase classname="testPackage1.TestMethodParallel" name="m3" time="0.018"/>
  <testcase classname="testPackage1.TestMethodParallel" name="m1" time="0.008"/>
  <testcase classname="testPackage1.TestMethodParallel" name="m2" time="0.022"/>
</testsuite> <!-- testPackage1.TestMethodParallel -->
