<?xml version="1.0" encoding="UTF-8"?>
<!-- Generated by org.testng.reporters.JUnitReportReporter -->
<testsuite hostname="DESKTOP-A0B3UJ2" failures="0" tests="3" name="excelDataDriven.DataManagmentWithHashTable" time="0.030" errors="0" timestamp="07 Jul 2021 06:36:41 GMT" skipped="0">
  <testcase classname="excelDataDriven.DataManagmentWithHashTable" name="f" time="0.006"/>
  <testcase classname="excelDataDriven.DataManagmentWithHashTable" name="f" time="0.006"/>
  <testcase classname="excelDataDriven.DataManagmentWithHashTable" name="f" time="0.018"/>
</testsuite> <!-- excelDataDriven.DataManagmentWithHashTable -->
