<?xml version="1.0" encoding="UTF-8"?>
<!-- Generated by org.testng.reporters.JUnitReportReporter -->
<testsuite hostname="DESKTOP-A0B3UJ2" failures="0" tests="1" name="shopping.AutomationShopping" time="17.503" errors="0" timestamp="14 Jun 2021 00:05:27 GMT" skipped="0">
  <testcase classname="shopping.AutomationShopping" name="searchResultsPage" time="17.503"/>
</testsuite> <!-- shopping.AutomationShopping -->
