<?xml version="1.0" encoding="UTF-8"?>
<!-- Generated by org.testng.reporters.JUnitReportReporter -->
<testsuite hostname="DESKTOP-A0B3UJ2" failures="0" tests="2" name="excelDataDriven.DataManagmentWithDataProvider" time="0.015" errors="0" timestamp="07 Jul 2021 06:21:11 GMT" skipped="0">
  <testcase classname="excelDataDriven.DataManagmentWithDataProvider" name="f" time="0.012"/>
  <testcase classname="excelDataDriven.DataManagmentWithDataProvider" name="f" time="0.003"/>
</testsuite> <!-- excelDataDriven.DataManagmentWithDataProvider -->
