<?xml version="1.0" encoding="UTF-8"?>
<!-- Generated by org.testng.reporters.JUnitReportReporter -->
<testsuite hostname="DESKTOP-A0B3UJ2" failures="0" tests="3" name="testPackage1.TestMethodParallel" time="0.028" errors="0" timestamp="2021-06-10T18:07:30 IST" skipped="0">
  <testcase classname="testPackage1.TestMethodParallel" name="m2" time="0.013"/>
  <system-out/>
  <testcase classname="testPackage1.TestMethodParallel" name="m1" time="0.013"/>
  <system-out/>
  <testcase classname="testPackage1.TestMethodParallel" name="m3" time="0.002"/>
  <system-out/>
</testsuite> <!-- testPackage1.TestMethodParallel -->
