<?xml version="1.0" encoding="UTF-8"?>
<!-- Generated by org.testng.reporters.JUnitReportReporter -->
<testsuite hostname="DESKTOP-A0B3UJ2" failures="0" tests="1" name="testPackage1.TestA2" time="3.013" errors="0" timestamp="2021-06-10T18:56:53 IST" skipped="0">
  <testcase classname="testPackage1.TestA2" name="testA2" time="3.013"/>
  <system-out/>
</testsuite> <!-- testPackage1.TestA2 -->
