<?xml version="1.0" encoding="UTF-8"?>
<!-- Generated by org.testng.reporters.JUnitReportReporter -->
<testsuite hostname="DESKTOP-A0B3UJ2" failures="0" tests="3" name="excelDataDriven.DataManagmentWithHashTableFinal" time="0.022" errors="0" timestamp="07 Jul 2021 06:49:34 GMT" skipped="0">
  <testcase classname="excelDataDriven.DataManagmentWithHashTableFinal" name="f" time="0.002"/>
  <testcase classname="excelDataDriven.DataManagmentWithHashTableFinal" name="f" time="0.003"/>
  <testcase classname="excelDataDriven.DataManagmentWithHashTableFinal" name="f" time="0.017"/>
</testsuite> <!-- excelDataDriven.DataManagmentWithHashTableFinal -->
