<?xml version="1.0" encoding="UTF-8"?>
<!-- Generated by org.testng.reporters.JUnitReportReporter -->
<testsuite hostname="DESKTOP-A0B3UJ2" failures="0" tests="1" name="testPackage2.TestB2" time="3.014" errors="0" timestamp="2021-06-10T18:56:53 IST" skipped="0">
  <testcase classname="testPackage2.TestB2" name="testB2" time="3.014"/>
  <system-out/>
</testsuite> <!-- testPackage2.TestB2 -->
