<?xml version="1.0" encoding="UTF-8"?>
<!-- Generated by org.testng.reporters.JUnitReportReporter -->
<testsuite hostname="DESKTOP-A0B3UJ2" failures="0" tests="1" name="testPackage2.TestB1" time="3.004" errors="0" timestamp="2021-06-10T18:56:53 IST" skipped="0">
  <testcase classname="testPackage2.TestB1" name="testB1" time="3.004"/>
  <system-out/>
</testsuite> <!-- testPackage2.TestB1 -->
