<?xml version="1.0" encoding="UTF-8"?>
<!-- Generated by org.testng.reporters.JUnitReportReporter -->
<testsuite hostname="DESKTOP-A0B3UJ2" failures="0" tests="1" name="testPackage1.TestA3" time="3.014" errors="0" timestamp="2021-06-10T18:56:53 IST" skipped="0">
  <testcase classname="testPackage1.TestA3" name="testA3" time="3.014"/>
  <system-out/>
</testsuite> <!-- testPackage1.TestA3 -->
