<?xml version="1.0" encoding="UTF-8"?>
<!-- Generated by org.testng.reporters.JUnitReportReporter -->
<testsuite hostname="DESKTOP-A0B3UJ2" failures="0" tests="1" name="testPackage2.TestB3" time="3.013" errors="0" timestamp="2021-06-10T18:56:53 IST" skipped="0">
  <testcase classname="testPackage2.TestB3" name="testB3" time="3.013"/>
  <system-out/>
</testsuite> <!-- testPackage2.TestB3 -->
