<?xml version="1.0" encoding="UTF-8"?>
<!-- Generated by org.testng.reporters.JUnitReportReporter -->
<testsuite hostname="DESKTOP-A0B3UJ2" failures="0" tests="1" name="SampleMavenProject.SeleniumMavenProject.TNG_002" time="36.342" errors="0" timestamp="20 Jun 2021 05:52:33 GMT" skipped="0">
  <testcase classname="SampleMavenProject.SeleniumMavenProject.TNG_002" name="amazonlog4j" time="36.342"/>
</testsuite> <!-- SampleMavenProject.SeleniumMavenProject.TNG_002 -->
